/ufs/ntm/.local/lib/python3.12/site-packages/jaxlib/plugin_support.py:71: RuntimeWarning: JAX plugin jax_cuda12_plugin version 0.8.0 is installed, but it is not compatible with the installed jaxlib version 0.7.2, so it will not be used.
  warnings.warn(
Canonical z grid: 16 levels, zt=[ 1.  3.  5.  7.  9. 11. 13. 15. 17. 19. 21. 23. 25. 27. 29. 31.]
[train] sample 1/200 already processed, skipping
[train] sample 2/200 already processed, skipping
[train] sample 3/200 already processed, skipping
[train] sample 4/200 already processed, skipping
[train] sample 5/200 already processed, skipping
[train] sample 6/200 already processed, skipping
[train] sample 7/200 already processed, skipping
[train] sample 8/200 -> training_data/pyudales_medium/state/train/sample_0007.nc
[train] sample 9/200 -> training_data/pyudales_medium/state/train/sample_0008.nc
[train] sample 10/200 -> training_data/pyudales_medium/state/train/sample_0009.nc
[train] sample 11/200 -> training_data/pyudales_medium/state/train/sample_0010.nc
[train] sample 12/200 -> training_data/pyudales_medium/state/train/sample_0011.nc
[train] sample 13/200 -> training_data/pyudales_medium/state/train/sample_0012.nc
[train] sample 14/200 -> training_data/pyudales_medium/state/train/sample_0013.nc
[train] sample 15/200 -> training_data/pyudales_medium/state/train/sample_0014.nc
[train] sample 16/200 -> training_data/pyudales_medium/state/train/sample_0015.nc
[train] sample 17/200 -> training_data/pyudales_medium/state/train/sample_0016.nc
[train] sample 18/200 -> training_data/pyudales_medium/state/train/sample_0017.nc
[train] sample 19/200 -> training_data/pyudales_medium/state/train/sample_0018.nc
[train] sample 20/200 -> training_data/pyudales_medium/state/train/sample_0019.nc
[train] sample 21/200 -> training_data/pyudales_medium/state/train/sample_0020.nc
[train] sample 22/200 -> training_data/pyudales_medium/state/train/sample_0021.nc
[train] sample 23/200 -> training_data/pyudales_medium/state/train/sample_0022.nc
[train] sample 24/200 -> training_data/pyudales_medium/state/train/sample_0023.nc
[train] sample 25/200 -> training_data/pyudales_medium/state/train/sample_0024.nc
[train] sample 26/200 -> training_data/pyudales_medium/state/train/sample_0025.nc
[train] sample 27/200 -> training_data/pyudales_medium/state/train/sample_0026.nc
[train] sample 28/200 -> training_data/pyudales_medium/state/train/sample_0027.nc
[train] sample 29/200 -> training_data/pyudales_medium/state/train/sample_0028.nc
[train] sample 30/200 -> training_data/pyudales_medium/state/train/sample_0029.nc
[train] sample 31/200 -> training_data/pyudales_medium/state/train/sample_0030.nc
[train] sample 32/200 -> training_data/pyudales_medium/state/train/sample_0031.nc
[train] sample 33/200 -> training_data/pyudales_medium/state/train/sample_0032.nc
[train] sample 34/200 -> training_data/pyudales_medium/state/train/sample_0033.nc
[train] sample 35/200 -> training_data/pyudales_medium/state/train/sample_0034.nc
[train] sample 36/200 -> training_data/pyudales_medium/state/train/sample_0035.nc
[train] sample 37/200 -> training_data/pyudales_medium/state/train/sample_0036.nc
[train] sample 38/200 -> training_data/pyudales_medium/state/train/sample_0037.nc
[train] sample 39/200 -> training_data/pyudales_medium/state/train/sample_0038.nc
[train] sample 40/200 -> training_data/pyudales_medium/state/train/sample_0039.nc
[train] sample 41/200 -> training_data/pyudales_medium/state/train/sample_0040.nc
[train] sample 42/200 -> training_data/pyudales_medium/state/train/sample_0041.nc
[train] sample 43/200 -> training_data/pyudales_medium/state/train/sample_0042.nc
[train] sample 44/200 -> training_data/pyudales_medium/state/train/sample_0043.nc
[train] sample 45/200 -> training_data/pyudales_medium/state/train/sample_0044.nc
[train] sample 46/200 -> training_data/pyudales_medium/state/train/sample_0045.nc
[train] sample 47/200 -> training_data/pyudales_medium/state/train/sample_0046.nc
[train] sample 48/200 -> training_data/pyudales_medium/state/train/sample_0047.nc
[train] sample 49/200 -> training_data/pyudales_medium/state/train/sample_0048.nc
[train] sample 50/200 -> training_data/pyudales_medium/state/train/sample_0049.nc
[train] sample 51/200 -> training_data/pyudales_medium/state/train/sample_0050.nc
[train] sample 52/200 -> training_data/pyudales_medium/state/train/sample_0051.nc
[train] sample 53/200 -> training_data/pyudales_medium/state/train/sample_0052.nc
[train] sample 54/200 -> training_data/pyudales_medium/state/train/sample_0053.nc
[train] sample 55/200 -> training_data/pyudales_medium/state/train/sample_0054.nc
[train] sample 56/200 -> training_data/pyudales_medium/state/train/sample_0055.nc
[train] sample 57/200 -> training_data/pyudales_medium/state/train/sample_0056.nc
[train] sample 58/200 -> training_data/pyudales_medium/state/train/sample_0057.nc
[train] sample 59/200 -> training_data/pyudales_medium/state/train/sample_0058.nc
[train] sample 60/200 -> training_data/pyudales_medium/state/train/sample_0059.nc
[train] sample 61/200 -> training_data/pyudales_medium/state/train/sample_0060.nc
[train] sample 62/200 -> training_data/pyudales_medium/state/train/sample_0061.nc
[train] sample 63/200 -> training_data/pyudales_medium/state/train/sample_0062.nc
[train] sample 64/200 -> training_data/pyudales_medium/state/train/sample_0063.nc
[train] sample 65/200 -> training_data/pyudales_medium/state/train/sample_0064.nc
[train] sample 66/200 -> training_data/pyudales_medium/state/train/sample_0065.nc
[train] sample 67/200 -> training_data/pyudales_medium/state/train/sample_0066.nc
[train] sample 68/200 -> training_data/pyudales_medium/state/train/sample_0067.nc
[train] sample 69/200 -> training_data/pyudales_medium/state/train/sample_0068.nc
[train] sample 70/200 -> training_data/pyudales_medium/state/train/sample_0069.nc
[train] sample 71/200 -> training_data/pyudales_medium/state/train/sample_0070.nc
[train] sample 72/200 -> training_data/pyudales_medium/state/train/sample_0071.nc
[train] sample 73/200 -> training_data/pyudales_medium/state/train/sample_0072.nc
[train] sample 74/200 -> training_data/pyudales_medium/state/train/sample_0073.nc
[train] sample 75/200 -> training_data/pyudales_medium/state/train/sample_0074.nc
[train] sample 76/200 -> training_data/pyudales_medium/state/train/sample_0075.nc
[train] sample 77/200 -> training_data/pyudales_medium/state/train/sample_0076.nc
[train] sample 78/200 -> training_data/pyudales_medium/state/train/sample_0077.nc
[train] sample 79/200 -> training_data/pyudales_medium/state/train/sample_0078.nc
[train] sample 80/200 -> training_data/pyudales_medium/state/train/sample_0079.nc
[train] sample 81/200 -> training_data/pyudales_medium/state/train/sample_0080.nc
[train] sample 82/200 -> training_data/pyudales_medium/state/train/sample_0081.nc
[train] sample 83/200 -> training_data/pyudales_medium/state/train/sample_0082.nc
[train] sample 84/200 -> training_data/pyudales_medium/state/train/sample_0083.nc
[train] sample 85/200 -> training_data/pyudales_medium/state/train/sample_0084.nc
[train] sample 86/200 -> training_data/pyudales_medium/state/train/sample_0085.nc
[train] sample 87/200 -> training_data/pyudales_medium/state/train/sample_0086.nc
[train] sample 88/200 -> training_data/pyudales_medium/state/train/sample_0087.nc
[train] sample 89/200 -> training_data/pyudales_medium/state/train/sample_0088.nc
[train] sample 90/200 -> training_data/pyudales_medium/state/train/sample_0089.nc
[train] sample 91/200 -> training_data/pyudales_medium/state/train/sample_0090.nc
[train] sample 92/200 -> training_data/pyudales_medium/state/train/sample_0091.nc
[train] sample 93/200 -> training_data/pyudales_medium/state/train/sample_0092.nc
[train] sample 94/200 -> training_data/pyudales_medium/state/train/sample_0093.nc
[train] sample 95/200 -> training_data/pyudales_medium/state/train/sample_0094.nc
[train] sample 96/200 -> training_data/pyudales_medium/state/train/sample_0095.nc
[train] sample 97/200 -> training_data/pyudales_medium/state/train/sample_0096.nc
[train] sample 98/200 -> training_data/pyudales_medium/state/train/sample_0097.nc
[train] sample 99/200 -> training_data/pyudales_medium/state/train/sample_0098.nc
[train] sample 100/200 -> training_data/pyudales_medium/state/train/sample_0099.nc
[train] sample 101/200 -> training_data/pyudales_medium/state/train/sample_0100.nc
[train] sample 102/200 -> training_data/pyudales_medium/state/train/sample_0101.nc
[train] sample 103/200 -> training_data/pyudales_medium/state/train/sample_0102.nc
[train] sample 104/200 -> training_data/pyudales_medium/state/train/sample_0103.nc
[train] sample 105/200 -> training_data/pyudales_medium/state/train/sample_0104.nc
[train] sample 106/200 -> training_data/pyudales_medium/state/train/sample_0105.nc
[train] sample 107/200 -> training_data/pyudales_medium/state/train/sample_0106.nc
[train] sample 108/200 -> training_data/pyudales_medium/state/train/sample_0107.nc
[train] sample 109/200 -> training_data/pyudales_medium/state/train/sample_0108.nc
[train] sample 110/200 -> training_data/pyudales_medium/state/train/sample_0109.nc
[train] sample 111/200 -> training_data/pyudales_medium/state/train/sample_0110.nc
[train] sample 112/200 -> training_data/pyudales_medium/state/train/sample_0111.nc
[train] sample 113/200 -> training_data/pyudales_medium/state/train/sample_0112.nc
[train] sample 114/200 -> training_data/pyudales_medium/state/train/sample_0113.nc
[train] sample 115/200 -> training_data/pyudales_medium/state/train/sample_0114.nc
[train] sample 116/200 -> training_data/pyudales_medium/state/train/sample_0115.nc
[train] sample 117/200 -> training_data/pyudales_medium/state/train/sample_0116.nc
[train] sample 118/200 -> training_data/pyudales_medium/state/train/sample_0117.nc
[train] sample 119/200 -> training_data/pyudales_medium/state/train/sample_0118.nc
[train] sample 120/200 -> training_data/pyudales_medium/state/train/sample_0119.nc
[train] sample 121/200 -> training_data/pyudales_medium/state/train/sample_0120.nc
[train] sample 122/200 -> training_data/pyudales_medium/state/train/sample_0121.nc
[train] sample 123/200 -> training_data/pyudales_medium/state/train/sample_0122.nc
[train] sample 124/200 -> training_data/pyudales_medium/state/train/sample_0123.nc
[train] sample 125/200 -> training_data/pyudales_medium/state/train/sample_0124.nc
[train] sample 126/200 -> training_data/pyudales_medium/state/train/sample_0125.nc
[train] sample 127/200 -> training_data/pyudales_medium/state/train/sample_0126.nc
[train] sample 128/200 -> training_data/pyudales_medium/state/train/sample_0127.nc
[train] sample 129/200 -> training_data/pyudales_medium/state/train/sample_0128.nc
[train] sample 130/200 -> training_data/pyudales_medium/state/train/sample_0129.nc
[train] sample 131/200 -> training_data/pyudales_medium/state/train/sample_0130.nc
[train] sample 132/200 -> training_data/pyudales_medium/state/train/sample_0131.nc
[train] sample 133/200 -> training_data/pyudales_medium/state/train/sample_0132.nc
[train] sample 134/200 -> training_data/pyudales_medium/state/train/sample_0133.nc
[train] sample 135/200 -> training_data/pyudales_medium/state/train/sample_0134.nc
[train] sample 136/200 -> training_data/pyudales_medium/state/train/sample_0135.nc
[train] sample 137/200 -> training_data/pyudales_medium/state/train/sample_0136.nc
[train] sample 138/200 -> training_data/pyudales_medium/state/train/sample_0137.nc
[train] sample 139/200 -> training_data/pyudales_medium/state/train/sample_0138.nc
[train] sample 140/200 -> training_data/pyudales_medium/state/train/sample_0139.nc
[train] sample 141/200 -> training_data/pyudales_medium/state/train/sample_0140.nc
[train] sample 142/200 -> training_data/pyudales_medium/state/train/sample_0141.nc
[train] sample 143/200 -> training_data/pyudales_medium/state/train/sample_0142.nc
[train] sample 144/200 -> training_data/pyudales_medium/state/train/sample_0143.nc
[train] sample 145/200 -> training_data/pyudales_medium/state/train/sample_0144.nc
[train] sample 146/200 -> training_data/pyudales_medium/state/train/sample_0145.nc
[train] sample 147/200 -> training_data/pyudales_medium/state/train/sample_0146.nc
[train] sample 148/200 -> training_data/pyudales_medium/state/train/sample_0147.nc
[train] sample 149/200 -> training_data/pyudales_medium/state/train/sample_0148.nc
[train] sample 150/200 -> training_data/pyudales_medium/state/train/sample_0149.nc
[train] sample 151/200 -> training_data/pyudales_medium/state/train/sample_0150.nc
[train] sample 152/200 -> training_data/pyudales_medium/state/train/sample_0151.nc
[train] sample 153/200 -> training_data/pyudales_medium/state/train/sample_0152.nc
[train] sample 154/200 -> training_data/pyudales_medium/state/train/sample_0153.nc
[train] sample 155/200 -> training_data/pyudales_medium/state/train/sample_0154.nc
[train] sample 156/200 -> training_data/pyudales_medium/state/train/sample_0155.nc
[train] sample 157/200 -> training_data/pyudales_medium/state/train/sample_0156.nc
[train] sample 158/200 -> training_data/pyudales_medium/state/train/sample_0157.nc
[train] sample 159/200 -> training_data/pyudales_medium/state/train/sample_0158.nc
[train] sample 160/200 -> training_data/pyudales_medium/state/train/sample_0159.nc
[train] sample 161/200 -> training_data/pyudales_medium/state/train/sample_0160.nc
[train] sample 162/200 -> training_data/pyudales_medium/state/train/sample_0161.nc
[train] sample 163/200 -> training_data/pyudales_medium/state/train/sample_0162.nc
[train] sample 164/200 -> training_data/pyudales_medium/state/train/sample_0163.nc
[train] sample 165/200 -> training_data/pyudales_medium/state/train/sample_0164.nc
[train] sample 166/200 -> training_data/pyudales_medium/state/train/sample_0165.nc
[train] sample 167/200 -> training_data/pyudales_medium/state/train/sample_0166.nc
[train] sample 168/200 -> training_data/pyudales_medium/state/train/sample_0167.nc
[train] sample 169/200 -> training_data/pyudales_medium/state/train/sample_0168.nc
[train] sample 170/200 -> training_data/pyudales_medium/state/train/sample_0169.nc
[train] sample 171/200 -> training_data/pyudales_medium/state/train/sample_0170.nc
[train] sample 172/200 -> training_data/pyudales_medium/state/train/sample_0171.nc
[train] sample 173/200 -> training_data/pyudales_medium/state/train/sample_0172.nc
[train] sample 174/200 -> training_data/pyudales_medium/state/train/sample_0173.nc
[train] sample 175/200 -> training_data/pyudales_medium/state/train/sample_0174.nc
[train] sample 176/200 -> training_data/pyudales_medium/state/train/sample_0175.nc
[train] sample 177/200 -> training_data/pyudales_medium/state/train/sample_0176.nc
[train] sample 178/200 -> training_data/pyudales_medium/state/train/sample_0177.nc
[train] sample 179/200 -> training_data/pyudales_medium/state/train/sample_0178.nc
[train] sample 180/200 -> training_data/pyudales_medium/state/train/sample_0179.nc
[train] sample 181/200 -> training_data/pyudales_medium/state/train/sample_0180.nc
[train] sample 182/200 -> training_data/pyudales_medium/state/train/sample_0181.nc
[train] sample 183/200 -> training_data/pyudales_medium/state/train/sample_0182.nc
[train] sample 184/200 -> training_data/pyudales_medium/state/train/sample_0183.nc
[train] sample 185/200 -> training_data/pyudales_medium/state/train/sample_0184.nc
[train] sample 186/200 -> training_data/pyudales_medium/state/train/sample_0185.nc
[train] sample 187/200 -> training_data/pyudales_medium/state/train/sample_0186.nc
[train] sample 188/200 -> training_data/pyudales_medium/state/train/sample_0187.nc
[train] sample 189/200 -> training_data/pyudales_medium/state/train/sample_0188.nc
[train] sample 190/200 -> training_data/pyudales_medium/state/train/sample_0189.nc
[train] sample 191/200 -> training_data/pyudales_medium/state/train/sample_0190.nc
[train] sample 192/200 -> training_data/pyudales_medium/state/train/sample_0191.nc
[train] sample 193/200 -> training_data/pyudales_medium/state/train/sample_0192.nc
[train] sample 194/200 -> training_data/pyudales_medium/state/train/sample_0193.nc
[train] sample 195/200 -> training_data/pyudales_medium/state/train/sample_0194.nc
[train] sample 196/200 -> training_data/pyudales_medium/state/train/sample_0195.nc
[train] sample 197/200 -> training_data/pyudales_medium/state/train/sample_0196.nc
[train] sample 198/200 -> training_data/pyudales_medium/state/train/sample_0197.nc
[train] sample 199/200 -> training_data/pyudales_medium/state/train/sample_0198.nc
[train] sample 200/200 -> training_data/pyudales_medium/state/train/sample_0199.nc
[val] sample 1/8 -> training_data/pyudales_medium/state/val/sample_0000.nc
[val] sample 2/8 -> training_data/pyudales_medium/state/val/sample_0001.nc
[val] sample 3/8 -> training_data/pyudales_medium/state/val/sample_0002.nc
[val] sample 4/8 -> training_data/pyudales_medium/state/val/sample_0003.nc
[val] sample 5/8 -> training_data/pyudales_medium/state/val/sample_0004.nc
[val] sample 6/8 -> training_data/pyudales_medium/state/val/sample_0005.nc
[val] sample 7/8 -> training_data/pyudales_medium/state/val/sample_0006.nc
[val] sample 8/8 -> training_data/pyudales_medium/state/val/sample_0007.nc
[test] sample 1/8 -> training_data/pyudales_medium/state/test/sample_0000.nc
[test] sample 2/8 -> training_data/pyudales_medium/state/test/sample_0001.nc
[test] sample 3/8 -> training_data/pyudales_medium/state/test/sample_0002.nc
[test] sample 4/8 -> training_data/pyudales_medium/state/test/sample_0003.nc
[test] sample 5/8 -> training_data/pyudales_medium/state/test/sample_0004.nc
[test] sample 6/8 -> training_data/pyudales_medium/state/test/sample_0005.nc
[test] sample 7/8 -> training_data/pyudales_medium/state/test/sample_0006.nc
[test] sample 8/8 -> training_data/pyudales_medium/state/test/sample_0007.nc
Repaired z grid on 9 members this run.
Saved interpolated trajectories -> training_data/pyudales_medium/params_interpolated.png
Saved figure -> training_data/pyudales_medium/split_examples.png
Saved animation -> training_data/pyudales_medium/train_animation.mp4
Saved animation -> training_data/pyudales_medium/val_animation.mp4
Saved animation -> training_data/pyudales_medium/test_animation.mp4
Done. Training data root: training_data/pyudales_medium
